{"C:\\Users\\Ameet Khemani\\Downloads\\New folder (3)\\New folder (2)\\ECommerce-ExpressJs-Solution-main\\Express\\modules\\product\\controller\\product.controller.js": {"path":"C:\\Users\\Ameet Khemani\\Downloads\\New folder (3)\\New folder (2)\\ECommerce-ExpressJs-Solution-main\\Express\\modules\\product\\controller\\product.controller.js","statementMap":{"0":{"start":{"line":1,"column":27},"end":{"line":1,"column":73}},"1":{"start":{"line":3,"column":23},"end":{"line":3,"column":47}},"2":{"start":{"line":7,"column":8},"end":{"line":12,"column":9}},"3":{"start":{"line":8,"column":29},"end":{"line":8,"column":66}},"4":{"start":{"line":9,"column":12},"end":{"line":9,"column":31}},"5":{"start":{"line":11,"column":12},"end":{"line":11,"column":76}},"6":{"start":{"line":16,"column":8},"end":{"line":21,"column":9}},"7":{"start":{"line":17,"column":31},"end":{"line":17,"column":75}},"8":{"start":{"line":18,"column":12},"end":{"line":18,"column":45}},"9":{"start":{"line":20,"column":12},"end":{"line":20,"column":73}},"10":{"start":{"line":25,"column":8},"end":{"line":31,"column":9}},"11":{"start":{"line":26,"column":42},"end":{"line":26,"column":51}},"12":{"start":{"line":27,"column":34},"end":{"line":27,"column":87}},"13":{"start":{"line":28,"column":12},"end":{"line":28,"column":36}},"14":{"start":{"line":30,"column":12},"end":{"line":30,"column":74}},"15":{"start":{"line":35,"column":8},"end":{"line":41,"column":9}},"16":{"start":{"line":36,"column":26},"end":{"line":36,"column":52}},"17":{"start":{"line":37,"column":37},"end":{"line":37,"column":84}},"18":{"start":{"line":38,"column":12},"end":{"line":38,"column":39}},"19":{"start":{"line":40,"column":12},"end":{"line":40,"column":86}},"20":{"start":{"line":45,"column":8},"end":{"line":52,"column":9}},"21":{"start":{"line":46,"column":27},"end":{"line":46,"column":44}},"22":{"start":{"line":47,"column":39},"end":{"line":47,"column":78}},"23":{"start":{"line":48,"column":27},"end":{"line":48,"column":89}},"24":{"start":{"line":49,"column":12},"end":{"line":49,"column":29}},"25":{"start":{"line":51,"column":12},"end":{"line":51,"column":73}},"26":{"start":{"line":56,"column":8},"end":{"line":62,"column":9}},"27":{"start":{"line":57,"column":27},"end":{"line":57,"column":44}},"28":{"start":{"line":58,"column":25},"end":{"line":58,"column":62}},"29":{"start":{"line":59,"column":12},"end":{"line":59,"column":27}},"30":{"start":{"line":61,"column":12},"end":{"line":61,"column":68}},"31":{"start":{"line":66,"column":8},"end":{"line":75,"column":9}},"32":{"start":{"line":67,"column":27},"end":{"line":67,"column":44}},"33":{"start":{"line":68,"column":30},"end":{"line":68,"column":48}},"34":{"start":{"line":69,"column":29},"end":{"line":69,"column":58}},"35":{"start":{"line":70,"column":26},"end":{"line":70,"column":52}},"36":{"start":{"line":71,"column":27},"end":{"line":71,"column":93}},"37":{"start":{"line":72,"column":12},"end":{"line":72,"column":29}},"38":{"start":{"line":74,"column":12},"end":{"line":74,"column":70}},"39":{"start":{"line":79,"column":8},"end":{"line":86,"column":9}},"40":{"start":{"line":80,"column":27},"end":{"line":80,"column":44}},"41":{"start":{"line":81,"column":47},"end":{"line":81,"column":55}},"42":{"start":{"line":82,"column":27},"end":{"line":82,"column":92}},"43":{"start":{"line":83,"column":12},"end":{"line":83,"column":29}},"44":{"start":{"line":85,"column":12},"end":{"line":85,"column":72}},"45":{"start":{"line":90,"column":8},"end":{"line":98,"column":9}},"46":{"start":{"line":91,"column":27},"end":{"line":91,"column":44}},"47":{"start":{"line":92,"column":27},"end":{"line":92,"column":44}},"48":{"start":{"line":93,"column":29},"end":{"line":93,"column":56}},"49":{"start":{"line":94,"column":27},"end":{"line":94,"column":88}},"50":{"start":{"line":95,"column":12},"end":{"line":95,"column":29}},"51":{"start":{"line":97,"column":12},"end":{"line":97,"column":75}},"52":{"start":{"line":102,"column":8},"end":{"line":109,"column":9}},"53":{"start":{"line":103,"column":27},"end":{"line":103,"column":44}},"54":{"start":{"line":104,"column":27},"end":{"line":104,"column":44}},"55":{"start":{"line":105,"column":27},"end":{"line":105,"column":78}},"56":{"start":{"line":106,"column":12},"end":{"line":106,"column":29}},"57":{"start":{"line":108,"column":12},"end":{"line":108,"column":75}},"58":{"start":{"line":113,"column":8},"end":{"line":118,"column":9}},"59":{"start":{"line":114,"column":28},"end":{"line":114,"column":74}},"60":{"start":{"line":115,"column":12},"end":{"line":115,"column":30}},"61":{"start":{"line":117,"column":12},"end":{"line":117,"column":66}},"62":{"start":{"line":122,"column":8},"end":{"line":127,"column":9}},"63":{"start":{"line":123,"column":35},"end":{"line":123,"column":94}},"64":{"start":{"line":124,"column":12},"end":{"line":124,"column":37}},"65":{"start":{"line":126,"column":12},"end":{"line":126,"column":66}},"66":{"start":{"line":131,"column":8},"end":{"line":136,"column":9}},"67":{"start":{"line":132,"column":35},"end":{"line":132,"column":84}},"68":{"start":{"line":133,"column":12},"end":{"line":133,"column":37}},"69":{"start":{"line":135,"column":12},"end":{"line":135,"column":66}},"70":{"start":{"line":140,"column":0},"end":{"line":140,"column":35}}},"fnMap":{"0":{"name":"(anonymous_0)","decl":{"start":{"line":6,"column":4},"end":{"line":6,"column":5}},"loc":{"start":{"line":6,"column":35},"end":{"line":13,"column":5}},"line":6},"1":{"name":"(anonymous_1)","decl":{"start":{"line":15,"column":4},"end":{"line":15,"column":5}},"loc":{"start":{"line":15,"column":34},"end":{"line":22,"column":5}},"line":15},"2":{"name":"(anonymous_2)","decl":{"start":{"line":24,"column":4},"end":{"line":24,"column":5}},"loc":{"start":{"line":24,"column":34},"end":{"line":32,"column":5}},"line":24},"3":{"name":"(anonymous_3)","decl":{"start":{"line":34,"column":4},"end":{"line":34,"column":5}},"loc":{"start":{"line":34,"column":40},"end":{"line":42,"column":5}},"line":34},"4":{"name":"(anonymous_4)","decl":{"start":{"line":44,"column":4},"end":{"line":44,"column":5}},"loc":{"start":{"line":44,"column":34},"end":{"line":53,"column":5}},"line":44},"5":{"name":"(anonymous_5)","decl":{"start":{"line":55,"column":4},"end":{"line":55,"column":5}},"loc":{"start":{"line":55,"column":29},"end":{"line":63,"column":5}},"line":55},"6":{"name":"(anonymous_6)","decl":{"start":{"line":65,"column":4},"end":{"line":65,"column":5}},"loc":{"start":{"line":65,"column":30},"end":{"line":76,"column":5}},"line":65},"7":{"name":"(anonymous_7)","decl":{"start":{"line":78,"column":4},"end":{"line":78,"column":5}},"loc":{"start":{"line":78,"column":33},"end":{"line":87,"column":5}},"line":78},"8":{"name":"(anonymous_8)","decl":{"start":{"line":89,"column":4},"end":{"line":89,"column":5}},"loc":{"start":{"line":89,"column":35},"end":{"line":99,"column":5}},"line":89},"9":{"name":"(anonymous_9)","decl":{"start":{"line":101,"column":4},"end":{"line":101,"column":5}},"loc":{"start":{"line":101,"column":35},"end":{"line":110,"column":5}},"line":101},"10":{"name":"(anonymous_10)","decl":{"start":{"line":112,"column":4},"end":{"line":112,"column":5}},"loc":{"start":{"line":112,"column":31},"end":{"line":119,"column":5}},"line":112},"11":{"name":"(anonymous_11)","decl":{"start":{"line":121,"column":4},"end":{"line":121,"column":5}},"loc":{"start":{"line":121,"column":34},"end":{"line":128,"column":5}},"line":121},"12":{"name":"(anonymous_12)","decl":{"start":{"line":130,"column":4},"end":{"line":130,"column":5}},"loc":{"start":{"line":130,"column":34},"end":{"line":137,"column":5}},"line":130}},"branchMap":{},"s":{"0":1,"1":1,"2":2,"3":2,"4":1,"5":1,"6":1,"7":1,"8":1,"9":0,"10":2,"11":2,"12":2,"13":1,"14":1,"15":2,"16":2,"17":2,"18":1,"19":1,"20":2,"21":2,"22":2,"23":2,"24":1,"25":1,"26":2,"27":2,"28":2,"29":1,"30":1,"31":0,"32":0,"33":0,"34":0,"35":0,"36":0,"37":0,"38":0,"39":0,"40":0,"41":0,"42":0,"43":0,"44":0,"45":2,"46":2,"47":2,"48":2,"49":2,"50":1,"51":1,"52":2,"53":2,"54":2,"55":2,"56":1,"57":1,"58":3,"59":3,"60":1,"61":2,"62":3,"63":3,"64":1,"65":2,"66":2,"67":2,"68":1,"69":1,"70":1},"f":{"0":2,"1":1,"2":2,"3":2,"4":2,"5":2,"6":0,"7":0,"8":2,"9":2,"10":3,"11":3,"12":2},"b":{},"_coverageSchema":"1a1c01bbd47fc00a2c39e90264f33305004495a9","hash":"ea62e5909ace8abc868a3ed2ac00eb1c267a004b"}
,"C:\\Users\\Ameet Khemani\\Downloads\\New folder (3)\\New folder (2)\\ECommerce-ExpressJs-Solution-main\\Express\\modules\\product\\dao\\models\\cart.model.js": {"path":"C:\\Users\\Ameet Khemani\\Downloads\\New folder (3)\\New folder (2)\\ECommerce-ExpressJs-Solution-main\\Express\\modules\\product\\dao\\models\\cart.model.js","statementMap":{"0":{"start":{"line":1,"column":17},"end":{"line":1,"column":36}},"1":{"start":{"line":3,"column":23},"end":{"line":7,"column":2}},"2":{"start":{"line":9,"column":19},"end":{"line":14,"column":2}},"3":{"start":{"line":16,"column":13},"end":{"line":16,"column":47}},"4":{"start":{"line":18,"column":0},"end":{"line":18,"column":22}}},"fnMap":{},"branchMap":{},"s":{"0":2,"1":2,"2":2,"3":2,"4":2},"f":{},"b":{},"_coverageSchema":"1a1c01bbd47fc00a2c39e90264f33305004495a9","hash":"76129fda047420ea8a520e6d5ae542b8a6ebdd67"}
,"C:\\Users\\Ameet Khemani\\Downloads\\New folder (3)\\New folder (2)\\ECommerce-ExpressJs-Solution-main\\Express\\modules\\product\\dao\\models\\product.model.js": {"path":"C:\\Users\\Ameet Khemani\\Downloads\\New folder (3)\\New folder (2)\\ECommerce-ExpressJs-Solution-main\\Express\\modules\\product\\dao\\models\\product.model.js","statementMap":{"0":{"start":{"line":1,"column":15},"end":{"line":1,"column":34}},"1":{"start":{"line":3,"column":20},"end":{"line":3,"column":56}},"2":{"start":{"line":4,"column":0},"end":{"line":4,"column":58}}},"fnMap":{},"branchMap":{},"s":{"0":2,"1":2,"2":2},"f":{},"b":{},"_coverageSchema":"1a1c01bbd47fc00a2c39e90264f33305004495a9","hash":"7b60b8f6663512e8f95b6d37c68ae793066a8330"}
,"C:\\Users\\Ameet Khemani\\Downloads\\New folder (3)\\New folder (2)\\ECommerce-ExpressJs-Solution-main\\Express\\modules\\product\\dao\\schemas\\product.schema.js": {"path":"C:\\Users\\Ameet Khemani\\Downloads\\New folder (3)\\New folder (2)\\ECommerce-ExpressJs-Solution-main\\Express\\modules\\product\\dao\\schemas\\product.schema.js","statementMap":{"0":{"start":{"line":1,"column":17},"end":{"line":1,"column":36}},"1":{"start":{"line":3,"column":22},"end":{"line":10,"column":2}},"2":{"start":{"line":12,"column":0},"end":{"line":12,"column":31}}},"fnMap":{},"branchMap":{},"s":{"0":2,"1":2,"2":2},"f":{},"b":{},"_coverageSchema":"1a1c01bbd47fc00a2c39e90264f33305004495a9","hash":"a8215db4d2fb61470e6f9d97372e582cfa304e81"}
,"C:\\Users\\Ameet Khemani\\Downloads\\New folder (3)\\New folder (2)\\ECommerce-ExpressJs-Solution-main\\Express\\modules\\product\\routes\\product.routes.js": {"path":"C:\\Users\\Ameet Khemani\\Downloads\\New folder (3)\\New folder (2)\\ECommerce-ExpressJs-Solution-main\\Express\\modules\\product\\routes\\product.routes.js","statementMap":{"0":{"start":{"line":1,"column":16},"end":{"line":1,"column":34}},"1":{"start":{"line":2,"column":15},"end":{"line":2,"column":31}},"2":{"start":{"line":4,"column":26},"end":{"line":4,"column":69}},"3":{"start":{"line":5,"column":26},"end":{"line":5,"column":49}},"4":{"start":{"line":7,"column":0},"end":{"line":7,"column":53}},"5":{"start":{"line":8,"column":0},"end":{"line":8,"column":50}},"6":{"start":{"line":9,"column":0},"end":{"line":9,"column":55}},"7":{"start":{"line":10,"column":0},"end":{"line":10,"column":65}},"8":{"start":{"line":11,"column":0},"end":{"line":11,"column":66}},"9":{"start":{"line":12,"column":0},"end":{"line":12,"column":56}},"10":{"start":{"line":13,"column":0},"end":{"line":13,"column":62}},"11":{"start":{"line":14,"column":0},"end":{"line":14,"column":70}},"12":{"start":{"line":15,"column":0},"end":{"line":15,"column":77}},"13":{"start":{"line":16,"column":0},"end":{"line":16,"column":80}},"14":{"start":{"line":17,"column":0},"end":{"line":17,"column":49}},"15":{"start":{"line":18,"column":0},"end":{"line":18,"column":52}},"16":{"start":{"line":19,"column":0},"end":{"line":19,"column":55}},"17":{"start":{"line":21,"column":0},"end":{"line":21,"column":24}}},"fnMap":{},"branchMap":{},"s":{"0":1,"1":1,"2":1,"3":1,"4":1,"5":1,"6":1,"7":1,"8":1,"9":1,"10":1,"11":1,"12":1,"13":1,"14":1,"15":1,"16":1,"17":1},"f":{},"b":{},"_coverageSchema":"1a1c01bbd47fc00a2c39e90264f33305004495a9","hash":"f8d6a75fc299434a6ea2c688422d91d8904b1cce"}
,"C:\\Users\\Ameet Khemani\\Downloads\\New folder (3)\\New folder (2)\\ECommerce-ExpressJs-Solution-main\\Express\\modules\\product\\service\\product.service.js": {"path":"C:\\Users\\Ameet Khemani\\Downloads\\New folder (3)\\New folder (2)\\ECommerce-ExpressJs-Solution-main\\Express\\modules\\product\\service\\product.service.js","statementMap":{"0":{"start":{"line":17,"column":0},"end":{"line":17,"column":32}}},"fnMap":{"0":{"name":"(anonymous_0)","decl":{"start":{"line":2,"column":4},"end":{"line":2,"column":5}},"loc":{"start":{"line":2,"column":37},"end":{"line":2,"column":40}},"line":2},"1":{"name":"(anonymous_1)","decl":{"start":{"line":3,"column":4},"end":{"line":3,"column":5}},"loc":{"start":{"line":3,"column":32},"end":{"line":3,"column":35}},"line":3},"2":{"name":"(anonymous_2)","decl":{"start":{"line":4,"column":4},"end":{"line":4,"column":5}},"loc":{"start":{"line":4,"column":51},"end":{"line":4,"column":54}},"line":4},"3":{"name":"(anonymous_3)","decl":{"start":{"line":5,"column":4},"end":{"line":5,"column":5}},"loc":{"start":{"line":5,"column":35},"end":{"line":5,"column":38}},"line":5},"4":{"name":"(anonymous_4)","decl":{"start":{"line":6,"column":4},"end":{"line":6,"column":5}},"loc":{"start":{"line":6,"column":27},"end":{"line":6,"column":30}},"line":6},"5":{"name":"(anonymous_5)","decl":{"start":{"line":7,"column":4},"end":{"line":7,"column":5}},"loc":{"start":{"line":7,"column":37},"end":{"line":7,"column":40}},"line":7},"6":{"name":"(anonymous_6)","decl":{"start":{"line":8,"column":4},"end":{"line":8,"column":5}},"loc":{"start":{"line":8,"column":43},"end":{"line":8,"column":46}},"line":8},"7":{"name":"(anonymous_7)","decl":{"start":{"line":9,"column":4},"end":{"line":9,"column":5}},"loc":{"start":{"line":9,"column":52},"end":{"line":9,"column":55}},"line":9},"8":{"name":"(anonymous_8)","decl":{"start":{"line":10,"column":4},"end":{"line":10,"column":5}},"loc":{"start":{"line":10,"column":31},"end":{"line":10,"column":34}},"line":10},"9":{"name":"(anonymous_9)","decl":{"start":{"line":11,"column":4},"end":{"line":11,"column":5}},"loc":{"start":{"line":11,"column":49},"end":{"line":11,"column":52}},"line":11},"10":{"name":"(anonymous_10)","decl":{"start":{"line":12,"column":4},"end":{"line":12,"column":5}},"loc":{"start":{"line":12,"column":27},"end":{"line":12,"column":30}},"line":12},"11":{"name":"(anonymous_11)","decl":{"start":{"line":13,"column":4},"end":{"line":13,"column":5}},"loc":{"start":{"line":13,"column":51},"end":{"line":13,"column":54}},"line":13},"12":{"name":"(anonymous_12)","decl":{"start":{"line":14,"column":4},"end":{"line":14,"column":5}},"loc":{"start":{"line":14,"column":41},"end":{"line":14,"column":44}},"line":14}},"branchMap":{},"s":{"0":2},"f":{"0":0,"1":0,"2":0,"3":0,"4":0,"5":0,"6":0,"7":0,"8":0,"9":0,"10":0,"11":0,"12":0},"b":{},"_coverageSchema":"1a1c01bbd47fc00a2c39e90264f33305004495a9","hash":"0bb0021e7819580ee8271c285cd64339dc4806e4"}
,"C:\\Users\\Ameet Khemani\\Downloads\\New folder (3)\\New folder (2)\\ECommerce-ExpressJs-Solution-main\\Express\\modules\\product\\service\\impl\\product.serviceImpl.js": {"path":"C:\\Users\\Ameet Khemani\\Downloads\\New folder (3)\\New folder (2)\\ECommerce-ExpressJs-Solution-main\\Express\\modules\\product\\service\\impl\\product.serviceImpl.js","statementMap":{"0":{"start":{"line":1,"column":16},"end":{"line":1,"column":57}},"1":{"start":{"line":2,"column":13},"end":{"line":2,"column":51}},"2":{"start":{"line":3,"column":23},"end":{"line":3,"column":52}},"3":{"start":{"line":7,"column":8},"end":{"line":12,"column":9}},"4":{"start":{"line":8,"column":28},"end":{"line":8,"column":61}},"5":{"start":{"line":9,"column":12},"end":{"line":9,"column":27}},"6":{"start":{"line":11,"column":12},"end":{"line":11,"column":57}},"7":{"start":{"line":16,"column":8},"end":{"line":24,"column":9}},"8":{"start":{"line":17,"column":28},"end":{"line":17,"column":61}},"9":{"start":{"line":18,"column":12},"end":{"line":20,"column":13}},"10":{"start":{"line":19,"column":16},"end":{"line":19,"column":54}},"11":{"start":{"line":21,"column":12},"end":{"line":21,"column":27}},"12":{"start":{"line":23,"column":12},"end":{"line":23,"column":54}},"13":{"start":{"line":28,"column":8},"end":{"line":36,"column":9}},"14":{"start":{"line":29,"column":28},"end":{"line":29,"column":101}},"15":{"start":{"line":30,"column":12},"end":{"line":32,"column":13}},"16":{"start":{"line":31,"column":16},"end":{"line":31,"column":54}},"17":{"start":{"line":33,"column":12},"end":{"line":33,"column":27}},"18":{"start":{"line":35,"column":12},"end":{"line":35,"column":57}},"19":{"start":{"line":40,"column":8},"end":{"line":48,"column":9}},"20":{"start":{"line":41,"column":28},"end":{"line":41,"column":70}},"21":{"start":{"line":42,"column":12},"end":{"line":44,"column":13}},"22":{"start":{"line":43,"column":16},"end":{"line":43,"column":54}},"23":{"start":{"line":45,"column":12},"end":{"line":45,"column":27}},"24":{"start":{"line":47,"column":12},"end":{"line":47,"column":57}},"25":{"start":{"line":52,"column":8},"end":{"line":67,"column":9}},"26":{"start":{"line":53,"column":26},"end":{"line":53,"column":28}},"27":{"start":{"line":55,"column":12},"end":{"line":57,"column":13}},"28":{"start":{"line":56,"column":16},"end":{"line":56,"column":61}},"29":{"start":{"line":59,"column":12},"end":{"line":61,"column":13}},"30":{"start":{"line":60,"column":16},"end":{"line":60,"column":75}},"31":{"start":{"line":63,"column":29},"end":{"line":63,"column":54}},"32":{"start":{"line":64,"column":12},"end":{"line":64,"column":28}},"33":{"start":{"line":66,"column":12},"end":{"line":66,"column":62}},"34":{"start":{"line":71,"column":8},"end":{"line":76,"column":9}},"35":{"start":{"line":72,"column":29},"end":{"line":72,"column":84}},"36":{"start":{"line":73,"column":12},"end":{"line":73,"column":28}},"37":{"start":{"line":75,"column":12},"end":{"line":75,"column":65}},"38":{"start":{"line":80,"column":8},"end":{"line":85,"column":9}},"39":{"start":{"line":81,"column":29},"end":{"line":81,"column":49}},"40":{"start":{"line":82,"column":12},"end":{"line":82,"column":28}},"41":{"start":{"line":84,"column":12},"end":{"line":84,"column":59}},"42":{"start":{"line":89,"column":8},"end":{"line":114,"column":9}},"43":{"start":{"line":90,"column":25},"end":{"line":90,"column":55}},"44":{"start":{"line":92,"column":12},"end":{"line":94,"column":13}},"45":{"start":{"line":93,"column":16},"end":{"line":93,"column":51}},"46":{"start":{"line":96,"column":12},"end":{"line":98,"column":13}},"47":{"start":{"line":97,"column":16},"end":{"line":97,"column":64}},"48":{"start":{"line":101,"column":35},"end":{"line":101,"column":63}},"49":{"start":{"line":104,"column":12},"end":{"line":106,"column":15}},"50":{"start":{"line":105,"column":16},"end":{"line":105,"column":53}},"51":{"start":{"line":109,"column":12},"end":{"line":109,"column":30}},"52":{"start":{"line":111,"column":12},"end":{"line":111,"column":65}},"53":{"start":{"line":113,"column":12},"end":{"line":113,"column":57}},"54":{"start":{"line":118,"column":8},"end":{"line":136,"column":9}},"55":{"start":{"line":119,"column":25},"end":{"line":119,"column":55}},"56":{"start":{"line":120,"column":12},"end":{"line":122,"column":13}},"57":{"start":{"line":121,"column":16},"end":{"line":121,"column":51}},"58":{"start":{"line":123,"column":30},"end":{"line":123,"column":31}},"59":{"start":{"line":124,"column":12},"end":{"line":127,"column":15}},"60":{"start":{"line":125,"column":34},"end":{"line":125,"column":60}},"61":{"start":{"line":126,"column":16},"end":{"line":126,"column":41}},"62":{"start":{"line":128,"column":12},"end":{"line":133,"column":13}},"63":{"start":{"line":129,"column":16},"end":{"line":129,"column":55}},"64":{"start":{"line":130,"column":16},"end":{"line":130,"column":70}},"65":{"start":{"line":132,"column":16},"end":{"line":132,"column":75}},"66":{"start":{"line":135,"column":12},"end":{"line":135,"column":60}},"67":{"start":{"line":140,"column":8},"end":{"line":159,"column":9}},"68":{"start":{"line":141,"column":37},"end":{"line":141,"column":95}},"69":{"start":{"line":143,"column":12},"end":{"line":156,"column":13}},"70":{"start":{"line":144,"column":16},"end":{"line":148,"column":18}},"71":{"start":{"line":150,"column":29},"end":{"line":154,"column":17}},"72":{"start":{"line":155,"column":16},"end":{"line":155,"column":28}},"73":{"start":{"line":158,"column":12},"end":{"line":158,"column":67}},"74":{"start":{"line":163,"column":8},"end":{"line":168,"column":9}},"75":{"start":{"line":164,"column":25},"end":{"line":164,"column":81}},"76":{"start":{"line":165,"column":12},"end":{"line":165,"column":24}},"77":{"start":{"line":167,"column":12},"end":{"line":167,"column":72}},"78":{"start":{"line":172,"column":8},"end":{"line":181,"column":9}},"79":{"start":{"line":173,"column":25},"end":{"line":177,"column":13}},"80":{"start":{"line":178,"column":12},"end":{"line":178,"column":24}},"81":{"start":{"line":180,"column":12},"end":{"line":180,"column":66}},"82":{"start":{"line":185,"column":8},"end":{"line":194,"column":9}},"83":{"start":{"line":186,"column":25},"end":{"line":190,"column":13}},"84":{"start":{"line":191,"column":12},"end":{"line":191,"column":24}},"85":{"start":{"line":193,"column":12},"end":{"line":193,"column":68}},"86":{"start":{"line":198,"column":0},"end":{"line":198,"column":36}}},"fnMap":{"0":{"name":"(anonymous_0)","decl":{"start":{"line":6,"column":4},"end":{"line":6,"column":5}},"loc":{"start":{"line":6,"column":37},"end":{"line":13,"column":5}},"line":6},"1":{"name":"(anonymous_1)","decl":{"start":{"line":15,"column":4},"end":{"line":15,"column":5}},"loc":{"start":{"line":15,"column":32},"end":{"line":25,"column":5}},"line":15},"2":{"name":"(anonymous_2)","decl":{"start":{"line":27,"column":4},"end":{"line":27,"column":5}},"loc":{"start":{"line":27,"column":51},"end":{"line":37,"column":5}},"line":27},"3":{"name":"(anonymous_3)","decl":{"start":{"line":39,"column":4},"end":{"line":39,"column":5}},"loc":{"start":{"line":39,"column":35},"end":{"line":49,"column":5}},"line":39},"4":{"name":"(anonymous_4)","decl":{"start":{"line":51,"column":4},"end":{"line":51,"column":5}},"loc":{"start":{"line":51,"column":43},"end":{"line":68,"column":5}},"line":51},"5":{"name":"(anonymous_5)","decl":{"start":{"line":70,"column":4},"end":{"line":70,"column":5}},"loc":{"start":{"line":70,"column":37},"end":{"line":77,"column":5}},"line":70},"6":{"name":"(anonymous_6)","decl":{"start":{"line":79,"column":4},"end":{"line":79,"column":5}},"loc":{"start":{"line":79,"column":27},"end":{"line":86,"column":5}},"line":79},"7":{"name":"(anonymous_7)","decl":{"start":{"line":88,"column":4},"end":{"line":88,"column":5}},"loc":{"start":{"line":88,"column":52},"end":{"line":115,"column":5}},"line":88},"8":{"name":"(anonymous_8)","decl":{"start":{"line":104,"column":31},"end":{"line":104,"column":32}},"loc":{"start":{"line":104,"column":41},"end":{"line":106,"column":13}},"line":104},"9":{"name":"(anonymous_9)","decl":{"start":{"line":117,"column":4},"end":{"line":117,"column":5}},"loc":{"start":{"line":117,"column":55},"end":{"line":137,"column":5}},"line":117},"10":{"name":"(anonymous_10)","decl":{"start":{"line":124,"column":31},"end":{"line":124,"column":32}},"loc":{"start":{"line":124,"column":39},"end":{"line":127,"column":13}},"line":124},"11":{"name":"(anonymous_11)","decl":{"start":{"line":139,"column":4},"end":{"line":139,"column":5}},"loc":{"start":{"line":139,"column":56},"end":{"line":160,"column":5}},"line":139},"12":{"name":"(anonymous_12)","decl":{"start":{"line":162,"column":4},"end":{"line":162,"column":5}},"loc":{"start":{"line":162,"column":27},"end":{"line":169,"column":5}},"line":162},"13":{"name":"(anonymous_13)","decl":{"start":{"line":171,"column":4},"end":{"line":171,"column":5}},"loc":{"start":{"line":171,"column":51},"end":{"line":182,"column":5}},"line":171},"14":{"name":"(anonymous_14)","decl":{"start":{"line":184,"column":4},"end":{"line":184,"column":5}},"loc":{"start":{"line":184,"column":41},"end":{"line":195,"column":5}},"line":184}},"branchMap":{"0":{"loc":{"start":{"line":18,"column":12},"end":{"line":20,"column":13}},"type":"if","locations":[{"start":{"line":18,"column":12},"end":{"line":20,"column":13}},{"start":{},"end":{}}],"line":18},"1":{"loc":{"start":{"line":30,"column":12},"end":{"line":32,"column":13}},"type":"if","locations":[{"start":{"line":30,"column":12},"end":{"line":32,"column":13}},{"start":{},"end":{}}],"line":30},"2":{"loc":{"start":{"line":42,"column":12},"end":{"line":44,"column":13}},"type":"if","locations":[{"start":{"line":42,"column":12},"end":{"line":44,"column":13}},{"start":{},"end":{}}],"line":42},"3":{"loc":{"start":{"line":55,"column":12},"end":{"line":57,"column":13}},"type":"if","locations":[{"start":{"line":55,"column":12},"end":{"line":57,"column":13}},{"start":{},"end":{}}],"line":55},"4":{"loc":{"start":{"line":59,"column":12},"end":{"line":61,"column":13}},"type":"if","locations":[{"start":{"line":59,"column":12},"end":{"line":61,"column":13}},{"start":{},"end":{}}],"line":59},"5":{"loc":{"start":{"line":92,"column":12},"end":{"line":94,"column":13}},"type":"if","locations":[{"start":{"line":92,"column":12},"end":{"line":94,"column":13}},{"start":{},"end":{}}],"line":92},"6":{"loc":{"start":{"line":96,"column":12},"end":{"line":98,"column":13}},"type":"if","locations":[{"start":{"line":96,"column":12},"end":{"line":98,"column":13}},{"start":{},"end":{}}],"line":96},"7":{"loc":{"start":{"line":96,"column":16},"end":{"line":96,"column":66}},"type":"binary-expr","locations":[{"start":{"line":96,"column":16},"end":{"line":96,"column":38}},{"start":{"line":96,"column":42},"end":{"line":96,"column":66}}],"line":96},"8":{"loc":{"start":{"line":120,"column":12},"end":{"line":122,"column":13}},"type":"if","locations":[{"start":{"line":120,"column":12},"end":{"line":122,"column":13}},{"start":{},"end":{}}],"line":120},"9":{"loc":{"start":{"line":143,"column":12},"end":{"line":156,"column":13}},"type":"if","locations":[{"start":{"line":143,"column":12},"end":{"line":156,"column":13}},{"start":{"line":149,"column":19},"end":{"line":156,"column":13}}],"line":143}},"s":{"0":2,"1":2,"2":2,"3":2,"4":2,"5":1,"6":1,"7":3,"8":3,"9":3,"10":1,"11":2,"12":1,"13":3,"14":3,"15":2,"16":1,"17":1,"18":2,"19":3,"20":3,"21":2,"22":1,"23":1,"24":2,"25":2,"26":2,"27":2,"28":2,"29":2,"30":2,"31":2,"32":1,"33":1,"34":0,"35":0,"36":0,"37":0,"38":0,"39":0,"40":0,"41":0,"42":0,"43":0,"44":0,"45":0,"46":0,"47":0,"48":0,"49":0,"50":0,"51":0,"52":0,"53":0,"54":0,"55":0,"56":0,"57":0,"58":0,"59":0,"60":0,"61":0,"62":0,"63":0,"64":0,"65":0,"66":0,"67":0,"68":0,"69":0,"70":0,"71":0,"72":0,"73":0,"74":0,"75":0,"76":0,"77":0,"78":0,"79":0,"80":0,"81":0,"82":0,"83":0,"84":0,"85":0,"86":2},"f":{"0":2,"1":3,"2":3,"3":3,"4":2,"5":0,"6":0,"7":0,"8":0,"9":0,"10":0,"11":0,"12":0,"13":0,"14":0},"b":{"0":[1,2],"1":[1,1],"2":[1,1],"3":[2,0],"4":[2,0],"5":[0,0],"6":[0,0],"7":[0,0],"8":[0,0],"9":[0,0]},"_coverageSchema":"1a1c01bbd47fc00a2c39e90264f33305004495a9","hash":"c8c90b97f6b98397f2fb537a08d7752698ff9b37"}
}
